This is pdfTeX, Version 3.1415926-2.5-1.40.14 (MiKTeX 2.9) (preloaded format=pdflatex 2015.5.24)  1 JUN 2015 09:50
entering extended mode
**Morphological*Operations.tex

("E:\Interns\Niharika_Resume\NiharikaJ_Resume\Task 2\Morphological Operations.t
ex"
LaTeX2e <2011/06/27>
Babel <v3.8m> and hyphenation patterns for english, afrikaans, ancientgreek, ar
abic, armenian, assamese, basque, bengali, bokmal, bulgarian, catalan, coptic, 
croatian, czech, danish, dutch, esperanto, estonian, farsi, finnish, french, ga
lician, german, german-x-2013-05-26, greek, gujarati, hindi, hungarian, iceland
ic, indonesian, interlingua, irish, italian, kannada, kurmanji, latin, latvian,
 lithuanian, malayalam, marathi, mongolian, mongolianlmc, monogreek, ngerman, n
german-x-2013-05-26, nynorsk, oriya, panjabi, pinyin, polish, portuguese, roman
ian, russian, sanskrit, serbian, slovak, slovenian, spanish, swedish, swissgerm
an, tamil, telugu, turkish, turkmen, ukenglish, ukrainian, uppersorbian, usengl
ishmax, welsh, loaded.
("C:\Program Files\MiKTeX 2.9\tex\latex\base\article.cls"
Document Class: article 2007/10/19 v1.4h Standard LaTeX document class
("C:\Program Files\MiKTeX 2.9\tex\latex\base\size10.clo"
File: size10.clo 2007/10/19 v1.4h Standard LaTeX file (size option)
)
\c@part=\count79
\c@section=\count80
\c@subsection=\count81
\c@subsubsection=\count82
\c@paragraph=\count83
\c@subparagraph=\count84
\c@figure=\count85
\c@table=\count86
\abovecaptionskip=\skip41
\belowcaptionskip=\skip42
\bibindent=\dimen102
)
("C:\Program Files\MiKTeX 2.9\tex\latex\graphics\graphicx.sty"
Package: graphicx 1999/02/16 v1.0f Enhanced LaTeX Graphics (DPC,SPQR)

("C:\Program Files\MiKTeX 2.9\tex\latex\graphics\keyval.sty"
Package: keyval 1999/03/16 v1.13 key=value parser (DPC)
\KV@toks@=\toks14
)
("C:\Program Files\MiKTeX 2.9\tex\latex\graphics\graphics.sty"
Package: graphics 2009/02/05 v1.0o Standard LaTeX Graphics (DPC,SPQR)

("C:\Program Files\MiKTeX 2.9\tex\latex\graphics\trig.sty"
Package: trig 1999/03/16 v1.09 sin cos tan (DPC)
)
("C:\Program Files\MiKTeX 2.9\tex\latex\00miktex\graphics.cfg"
File: graphics.cfg 2007/01/18 v1.5 graphics configuration of teTeX/TeXLive
)
Package graphics Info: Driver file: pdftex.def on input line 91.

("C:\Program Files\MiKTeX 2.9\tex\latex\pdftex-def\pdftex.def"
File: pdftex.def 2011/05/27 v0.06d Graphics/color for pdfTeX

("C:\Program Files\MiKTeX 2.9\tex\generic\oberdiek\infwarerr.sty"
Package: infwarerr 2010/04/08 v1.3 Providing info/warning/error messages (HO)
)
("C:\Program Files\MiKTeX 2.9\tex\generic\oberdiek\ltxcmds.sty"
Package: ltxcmds 2011/11/09 v1.22 LaTeX kernel commands for general use (HO)
)
\Gread@gobject=\count87
))
\Gin@req@height=\dimen103
\Gin@req@width=\dimen104
)
("E:\Interns\Niharika_Resume\NiharikaJ_Resume\Task 2\Morphological Operations.a
ux")
LaTeX Font Info:    Checking defaults for OML/cmm/m/it on input line 5.
LaTeX Font Info:    ... okay on input line 5.
LaTeX Font Info:    Checking defaults for T1/cmr/m/n on input line 5.
LaTeX Font Info:    ... okay on input line 5.
LaTeX Font Info:    Checking defaults for OT1/cmr/m/n on input line 5.
LaTeX Font Info:    ... okay on input line 5.
LaTeX Font Info:    Checking defaults for OMS/cmsy/m/n on input line 5.
LaTeX Font Info:    ... okay on input line 5.
LaTeX Font Info:    Checking defaults for OMX/cmex/m/n on input line 5.
LaTeX Font Info:    ... okay on input line 5.
LaTeX Font Info:    Checking defaults for U/cmr/m/n on input line 5.
LaTeX Font Info:    ... okay on input line 5.
 ("C:\Program Files\MiKTeX 2.9\tex\context\base\supp-pdf.mkii"
[Loading MPS to PDF converter (version 2006.09.02).]
\scratchcounter=\count88
\scratchdimen=\dimen105
\scratchbox=\box26
\nofMPsegments=\count89
\nofMParguments=\count90
\everyMPshowfont=\toks15
\MPscratchCnt=\count91
\MPscratchDim=\dimen106
\MPnumerator=\count92
\makeMPintoPDFobject=\count93
\everyMPtoPDFconversion=\toks16
) [1

{C:/ProgramData/MiKTeX/2.9/pdftex/config/pdftex.map}]
LaTeX Font Info:    Try loading font information for OMS+cmr on input line 27.

("C:\Program Files\MiKTeX 2.9\tex\latex\base\omscmr.fd"
File: omscmr.fd 1999/05/25 v2.5h Standard LaTeX font definitions
)
LaTeX Font Info:    Font shape `OMS/cmr/m/n' in size <12> not available
(Font)              Font shape `OMS/cmsy/m/n' tried instead on input line 27.

<Rectangle.png, id=7, 130.23656pt x 86.57344pt>
File: Rectangle.png Graphic file (type png)
 <use Rectangle.png>
Package pdftex.def Info: Rectangle.png used on input line 28.
(pdftex.def)             Requested size: 130.23624pt x 86.57321pt.

<Diamond.png, id=9, 125.71968pt x 79.79813pt>
File: Diamond.png Graphic file (type png)
 <use Diamond.png>
Package pdftex.def Info: Diamond.png used on input line 30.
(pdftex.def)             Requested size: 125.71936pt x 79.79791pt.

<Ellipse.png, id=10, 127.22531pt x 79.04532pt>
File: Ellipse.png Graphic file (type png)
 <use Ellipse.png>
Package pdftex.def Info: Ellipse.png used on input line 32.
(pdftex.def)             Requested size: 127.22499pt x 79.0451pt.
 [1 <E:/Interns/Niharika_Resume/NiharikaJ_Resume/Task 2/Rectangle.png> <E:/Inte
rns/Niharika_Resume/NiharikaJ_Resume/Task 2/Diamond.png> <E:/Interns/Niharika_R
esume/NiharikaJ_Resume/Task 2/Ellipse.png>] <Cross.png, id=19, 126.4725pt x 75.
28125pt>
File: Cross.png Graphic file (type png)

<use Cross.png>
Package pdftex.def Info: Cross.png used on input line 36.
(pdftex.def)             Requested size: 126.47218pt x 75.28105pt.
 <music.jpg, id=20, 642.4pt x 361.35pt>
File: music.jpg Graphic file (type jpg)
 <use music.jpg>
Package pdftex.def Info: music.jpg used on input line 49.
(pdftex.def)             Requested size: 213.39566pt x 120.03433pt.

<Eroded.jpg, id=21, 642.4pt x 361.35pt>
File: Eroded.jpg Graphic file (type jpg)
 <use Eroded.jpg>
Package pdftex.def Info: Eroded.jpg used on input line 51.
(pdftex.def)             Requested size: 213.39566pt x 120.03433pt.
 [2 <E:/Interns/Niharika_Resume/NiharikaJ_Resume/Task 2/Cross.png> <E:/Interns/
Niharika_Resume/NiharikaJ_Resume/Task 2/music.jpg>] <Dilated.jpg, id=27, 642.4p
t x 361.35pt>
File: Dilated.jpg Graphic file (type jpg)

<use Dilated.jpg>
Package pdftex.def Info: Dilated.jpg used on input line 61.
(pdftex.def)             Requested size: 213.39566pt x 120.03433pt.
 [3 <E:/Interns/Niharika_Resume/NiharikaJ_Resume/Task 2/Eroded.jpg> <E:/Interns
/Niharika_Resume/NiharikaJ_Resume/Task 2/Dilated.jpg>]
("E:\Interns\Niharika_Resume\NiharikaJ_Resume\Task 2\Morphological Operations.a
ux") ) 
Here is how much of TeX's memory you used:
 1160 strings out of 493921
 15608 string characters out of 3147279
 64950 words of memory out of 3000000
 4492 multiletter control sequences out of 15000+200000
 5100 words of font info for 19 fonts, out of 3000000 for 9000
 841 hyphenation exceptions out of 8191
 27i,5n,19p,556b,262s stack positions out of 5000i,500n,10000p,200000b,50000s
<C:/Program Files/MiKTeX 2.9/fonts/type1/public/amsfonts/cm/cmbx12.pfb><C
:/Program Files/MiKTeX 2.9/fonts/type1/public/amsfonts/cm/cmr10.pfb><C:/Program
 Files/MiKTeX 2.9/fonts/type1/public/amsfonts/cm/cmr12.pfb><C:/Program Files/Mi
KTeX 2.9/fonts/type1/public/amsfonts/cm/cmr9.pfb><C:/Program Files/MiKTeX 2.9/f
onts/type1/public/amsfonts/cm/cmsy10.pfb>
Output written on "Morphological Operations.pdf" (4 pages, 318931 bytes).
PDF statistics:
 47 PDF objects out of 1000 (max. 8388607)
 0 named destinations out of 1000 (max. 500000)
 36 words of extra memory for PDF output out of 10000 (max. 10000000)

