This is pdfTeX, Version 3.1415926-2.5-1.40.14 (MiKTeX 2.9) (preloaded format=pdflatex 2015.5.23)  16 JUN 2015 12:38
entering extended mode
**Progress-Presentation.tex
(D:\Progress-Presentation\Progress-Presentation.tex
LaTeX2e <2011/06/27>
Babel <v3.8m> and hyphenation patterns for english, afrikaans, ancientgreek, ar
abic, armenian, assamese, basque, bengali, bokmal, bulgarian, catalan, coptic, 
croatian, czech, danish, dutch, esperanto, estonian, farsi, finnish, french, ga
lician, german, german-x-2013-05-26, greek, gujarati, hindi, hungarian, iceland
ic, indonesian, interlingua, irish, italian, kannada, kurmanji, latin, latvian,
 lithuanian, malayalam, marathi, mongolian, mongolianlmc, monogreek, ngerman, n
german-x-2013-05-26, nynorsk, oriya, panjabi, pinyin, polish, portuguese, roman
ian, russian, sanskrit, serbian, slovak, slovenian, spanish, swedish, swissgerm
an, tamil, telugu, turkish, turkmen, ukenglish, ukrainian, uppersorbian, usengl
ishmax, welsh, loaded.
(D:\mikTex\tex\latex\beamer\base\beamer.cls
(D:\mikTex\tex\latex\beamer\base\beamerbasercs.sty
Package: beamerbasercs 2015/03/08 (rcs-revision 368aa9ba9d38)
)
Document Class: beamer 2015/01/05 3.36 A class for typesetting presentations (r
cs-revision 8a39122e1f63)
(D:\mikTex\tex\latex\beamer\base\beamerbasemodes.sty
Package: beamerbasemodes 2013/09/03 (rcs-revision 768f2d98ca64)
\beamer@tempbox=\box26
\beamer@tempcount=\count79
\c@beamerpauses=\count80

(D:\mikTex\tex\latex\beamer\base\beamerbasedecode.sty
Package: beamerbasedecode 2010/05/01 (rcs-revision efa082c6111d)
\beamer@slideinframe=\count81
\beamer@minimum=\count82
)
\beamer@commentbox=\box27
\beamer@modecount=\count83
)
(D:\mikTex\tex\generic\oberdiek\ifpdf.sty
Package: ifpdf 2011/01/30 v2.3 Provides the ifpdf switch (HO)
Package ifpdf Info: pdfTeX in PDF mode is detected.
)
\headheight=\dimen102
\headdp=\dimen103
\footheight=\dimen104
\sidebarheight=\dimen105
\beamer@tempdim=\dimen106
\beamer@finalheight=\dimen107
\beamer@animht=\dimen108
\beamer@animdp=\dimen109
\beamer@animwd=\dimen110
\beamer@leftmargin=\dimen111
\beamer@rightmargin=\dimen112
\beamer@leftsidebar=\dimen113
\beamer@rightsidebar=\dimen114
\beamer@boxsize=\dimen115
\beamer@vboxoffset=\dimen116
\beamer@descdefault=\dimen117
\beamer@descriptionwidth=\dimen118
\beamer@lastskip=\skip41
\beamer@areabox=\box28
\beamer@animcurrent=\box29
\beamer@animshowbox=\box30
\beamer@sectionbox=\box31
\beamer@logobox=\box32
\beamer@linebox=\box33
\beamer@sectioncount=\count84
\beamer@subsubsectionmax=\count85
\beamer@subsectionmax=\count86
\beamer@sectionmax=\count87
\beamer@totalheads=\count88
\beamer@headcounter=\count89
\beamer@partstartpage=\count90
\beamer@sectionstartpage=\count91
\beamer@subsectionstartpage=\count92
\beamer@animationtempa=\count93
\beamer@animationtempb=\count94
\beamer@xpos=\count95
\beamer@ypos=\count96
\beamer@showpartnumber=\count97
\beamer@currentsubsection=\count98
\beamer@coveringdepth=\count99
\beamer@sectionadjust=\count100
\beamer@tocsectionnumber=\count101

(D:\mikTex\tex\latex\beamer\base\beamerbaseoptions.sty
Package: beamerbaseoptions 2013/03/10 (rcs-revision 47431932db0d)

(D:\mikTex\tex\latex\graphics\keyval.sty
Package: keyval 1999/03/16 v1.13 key=value parser (DPC)
\KV@toks@=\toks14
))
\beamer@paperwidth=\skip42
\beamer@paperheight=\skip43

(D:\mikTex\tex\latex\geometry\geometry.sty
Package: geometry 2010/09/12 v5.6 Page Geometry

(D:\mikTex\tex\generic\oberdiek\ifvtex.sty
Package: ifvtex 2010/03/01 v1.5 Detect VTeX and its facilities (HO)
Package ifvtex Info: VTeX not detected.
)
(D:\mikTex\tex\generic\ifxetex\ifxetex.sty
Package: ifxetex 2010/09/12 v0.6 Provides ifxetex conditional
)
\Gm@cnth=\count102
\Gm@cntv=\count103
\c@Gm@tempcnt=\count104
\Gm@bindingoffset=\dimen119
\Gm@wd@mp=\dimen120
\Gm@odd@mp=\dimen121
\Gm@even@mp=\dimen122
\Gm@layoutwidth=\dimen123
\Gm@layoutheight=\dimen124
\Gm@layouthoffset=\dimen125
\Gm@layoutvoffset=\dimen126
\Gm@dimlist=\toks15

(D:\mikTex\tex\latex\geometry\geometry.cfg))
(D:\mikTex\tex\latex\base\size10.clo
File: size10.clo 2007/10/19 v1.4h Standard LaTeX file (size option)
)
(D:\mikTex\tex\latex\pgf\basiclayer\pgfcore.sty
(D:\mikTex\tex\latex\graphics\graphicx.sty
Package: graphicx 1999/02/16 v1.0f Enhanced LaTeX Graphics (DPC,SPQR)

(D:\mikTex\tex\latex\graphics\graphics.sty
Package: graphics 2009/02/05 v1.0o Standard LaTeX Graphics (DPC,SPQR)

(D:\mikTex\tex\latex\graphics\trig.sty
Package: trig 1999/03/16 v1.09 sin cos tan (DPC)
)
(D:\mikTex\tex\latex\00miktex\graphics.cfg
File: graphics.cfg 2007/01/18 v1.5 graphics configuration of teTeX/TeXLive
)
Package graphics Info: Driver file: pdftex.def on input line 91.

(D:\mikTex\tex\latex\pdftex-def\pdftex.def
File: pdftex.def 2011/05/27 v0.06d Graphics/color for pdfTeX

(D:\mikTex\tex\generic\oberdiek\infwarerr.sty
Package: infwarerr 2010/04/08 v1.3 Providing info/warning/error messages (HO)
)
(D:\mikTex\tex\generic\oberdiek\ltxcmds.sty
Package: ltxcmds 2011/11/09 v1.22 LaTeX kernel commands for general use (HO)
)
\Gread@gobject=\count105
))
\Gin@req@height=\dimen127
\Gin@req@width=\dimen128
)
(D:\mikTex\tex\latex\pgf\systemlayer\pgfsys.sty
(D:\mikTex\tex\latex\pgf\utilities\pgfrcs.sty
(D:\mikTex\tex\generic\pgf\utilities\pgfutil-common.tex
\pgfutil@everybye=\toks16
\pgfutil@tempdima=\dimen129
\pgfutil@tempdimb=\dimen130

(D:\mikTex\tex\generic\pgf\utilities\pgfutil-common-lists.tex))
(D:\mikTex\tex\generic\pgf\utilities\pgfutil-latex.def
\pgfutil@abb=\box34

(D:\mikTex\tex\latex\ms\everyshi.sty
Package: everyshi 2001/05/15 v3.00 EveryShipout Package (MS)
))
(D:\mikTex\tex\generic\pgf\utilities\pgfrcs.code.tex
Package: pgfrcs 2013/12/20 v3.0.0 (rcs-revision 1.28)
))
(D:\mikTex\tex\generic\pgf\systemlayer\pgfsys.code.tex
Package: pgfsys 2013/11/30 v3.0.0 (rcs-revision 1.47)

(D:\mikTex\tex\generic\pgf\utilities\pgfkeys.code.tex
\pgfkeys@pathtoks=\toks17
\pgfkeys@temptoks=\toks18

(D:\mikTex\tex\generic\pgf\utilities\pgfkeysfiltered.code.tex
\pgfkeys@tmptoks=\toks19
))
\pgf@x=\dimen131
\pgf@y=\dimen132
\pgf@xa=\dimen133
\pgf@ya=\dimen134
\pgf@xb=\dimen135
\pgf@yb=\dimen136
\pgf@xc=\dimen137
\pgf@yc=\dimen138
\w@pgf@writea=\write3
\r@pgf@reada=\read1
\c@pgf@counta=\count106
\c@pgf@countb=\count107
\c@pgf@countc=\count108
\c@pgf@countd=\count109
\t@pgf@toka=\toks20
\t@pgf@tokb=\toks21
\t@pgf@tokc=\toks22

(D:\mikTex\tex\generic\pgf\systemlayer\pgf.cfg
File: pgf.cfg 2008/05/14  (rcs-revision 1.7)
)
Driver file for pgf: pgfsys-pdftex.def

(D:\mikTex\tex\generic\pgf\systemlayer\pgfsys-pdftex.def
File: pgfsys-pdftex.def 2013/07/18  (rcs-revision 1.33)

(D:\mikTex\tex\generic\pgf\systemlayer\pgfsys-common-pdf.def
File: pgfsys-common-pdf.def 2013/10/10  (rcs-revision 1.13)
)))
(D:\mikTex\tex\generic\pgf\systemlayer\pgfsyssoftpath.code.tex
File: pgfsyssoftpath.code.tex 2013/09/09  (rcs-revision 1.9)
\pgfsyssoftpath@smallbuffer@items=\count110
\pgfsyssoftpath@bigbuffer@items=\count111
)
(D:\mikTex\tex\generic\pgf\systemlayer\pgfsysprotocol.code.tex
File: pgfsysprotocol.code.tex 2006/10/16  (rcs-revision 1.4)
))
(D:\mikTex\tex\latex\xcolor\xcolor.sty
Package: xcolor 2007/01/21 v2.11 LaTeX color extensions (UK)
 (D:\mikTex\tex\latex\00miktex\color.cfg
File: color.cfg 2007/01/18 v1.5 color configuration of teTeX/TeXLive
)
Package xcolor Info: Driver file: pdftex.def on input line 225.
Package xcolor Info: Model `cmy' substituted by `cmy0' on input line 1337.
Package xcolor Info: Model `hsb' substituted by `rgb' on input line 1341.
Package xcolor Info: Model `RGB' extended on input line 1353.
Package xcolor Info: Model `HTML' substituted by `rgb' on input line 1355.
Package xcolor Info: Model `Hsb' substituted by `hsb' on input line 1356.
Package xcolor Info: Model `tHsb' substituted by `hsb' on input line 1357.
Package xcolor Info: Model `HSB' substituted by `hsb' on input line 1358.
Package xcolor Info: Model `Gray' substituted by `gray' on input line 1359.
Package xcolor Info: Model `wave' substituted by `hsb' on input line 1360.
) (D:\mikTex\tex\generic\pgf\basiclayer\pgfcore.code.tex
Package: pgfcore 2010/04/11 v3.0.0 (rcs-revision 1.7)

(D:\mikTex\tex\generic\pgf\math\pgfmath.code.tex
(D:\mikTex\tex\generic\pgf\math\pgfmathcalc.code.tex
(D:\mikTex\tex\generic\pgf\math\pgfmathutil.code.tex)
(D:\mikTex\tex\generic\pgf\math\pgfmathparser.code.tex
\pgfmath@dimen=\dimen139
\pgfmath@count=\count112
\pgfmath@box=\box35
\pgfmath@toks=\toks23
\pgfmath@stack@operand=\toks24
\pgfmath@stack@operation=\toks25
)
(D:\mikTex\tex\generic\pgf\math\pgfmathfunctions.code.tex
(D:\mikTex\tex\generic\pgf\math\pgfmathfunctions.basic.code.tex)
(D:\mikTex\tex\generic\pgf\math\pgfmathfunctions.trigonometric.code.tex)
(D:\mikTex\tex\generic\pgf\math\pgfmathfunctions.random.code.tex)
(D:\mikTex\tex\generic\pgf\math\pgfmathfunctions.comparison.code.tex)
(D:\mikTex\tex\generic\pgf\math\pgfmathfunctions.base.code.tex)
(D:\mikTex\tex\generic\pgf\math\pgfmathfunctions.round.code.tex)
(D:\mikTex\tex\generic\pgf\math\pgfmathfunctions.misc.code.tex)
(D:\mikTex\tex\generic\pgf\math\pgfmathfunctions.integerarithmetics.code.tex)))
(D:\mikTex\tex\generic\pgf\math\pgfmathfloat.code.tex
\c@pgfmathroundto@lastzeros=\count113
))
(D:\mikTex\tex\generic\pgf\basiclayer\pgfcorepoints.code.tex
File: pgfcorepoints.code.tex 2013/10/07  (rcs-revision 1.27)
\pgf@picminx=\dimen140
\pgf@picmaxx=\dimen141
\pgf@picminy=\dimen142
\pgf@picmaxy=\dimen143
\pgf@pathminx=\dimen144
\pgf@pathmaxx=\dimen145
\pgf@pathminy=\dimen146
\pgf@pathmaxy=\dimen147
\pgf@xx=\dimen148
\pgf@xy=\dimen149
\pgf@yx=\dimen150
\pgf@yy=\dimen151
\pgf@zx=\dimen152
\pgf@zy=\dimen153
)
(D:\mikTex\tex\generic\pgf\basiclayer\pgfcorepathconstruct.code.tex
File: pgfcorepathconstruct.code.tex 2013/10/07  (rcs-revision 1.29)
\pgf@path@lastx=\dimen154
\pgf@path@lasty=\dimen155
)
(D:\mikTex\tex\generic\pgf\basiclayer\pgfcorepathusage.code.tex
File: pgfcorepathusage.code.tex 2013/12/13  (rcs-revision 1.23)
\pgf@shorten@end@additional=\dimen156
\pgf@shorten@start@additional=\dimen157
)
(D:\mikTex\tex\generic\pgf\basiclayer\pgfcorescopes.code.tex
File: pgfcorescopes.code.tex 2013/10/09  (rcs-revision 1.44)
\pgfpic=\box36
\pgf@hbox=\box37
\pgf@layerbox@main=\box38
\pgf@picture@serial@count=\count114
)
(D:\mikTex\tex\generic\pgf\basiclayer\pgfcoregraphicstate.code.tex
File: pgfcoregraphicstate.code.tex 2013/09/19  (rcs-revision 1.11)
\pgflinewidth=\dimen158
)
(D:\mikTex\tex\generic\pgf\basiclayer\pgfcoretransformations.code.tex
File: pgfcoretransformations.code.tex 2013/10/10  (rcs-revision 1.17)
\pgf@pt@x=\dimen159
\pgf@pt@y=\dimen160
\pgf@pt@temp=\dimen161
)
(D:\mikTex\tex\generic\pgf\basiclayer\pgfcorequick.code.tex
File: pgfcorequick.code.tex 2008/10/09  (rcs-revision 1.3)
)
(D:\mikTex\tex\generic\pgf\basiclayer\pgfcoreobjects.code.tex
File: pgfcoreobjects.code.tex 2006/10/11  (rcs-revision 1.2)
)
(D:\mikTex\tex\generic\pgf\basiclayer\pgfcorepathprocessing.code.tex
File: pgfcorepathprocessing.code.tex 2013/09/09  (rcs-revision 1.9)
)
(D:\mikTex\tex\generic\pgf\basiclayer\pgfcorearrows.code.tex
File: pgfcorearrows.code.tex 2013/11/07  (rcs-revision 1.40)
\pgfarrowsep=\dimen162
)
(D:\mikTex\tex\generic\pgf\basiclayer\pgfcoreshade.code.tex
File: pgfcoreshade.code.tex 2013/07/15  (rcs-revision 1.15)
\pgf@max=\dimen163
\pgf@sys@shading@range@num=\count115
)
(D:\mikTex\tex\generic\pgf\basiclayer\pgfcoreimage.code.tex
File: pgfcoreimage.code.tex 2013/07/15  (rcs-revision 1.18)

(D:\mikTex\tex\generic\pgf\basiclayer\pgfcoreexternal.code.tex
File: pgfcoreexternal.code.tex 2013/07/15  (rcs-revision 1.20)
\pgfexternal@startupbox=\box39
))
(D:\mikTex\tex\generic\pgf\basiclayer\pgfcorelayers.code.tex
File: pgfcorelayers.code.tex 2013/07/18  (rcs-revision 1.7)
)
(D:\mikTex\tex\generic\pgf\basiclayer\pgfcoretransparency.code.tex
File: pgfcoretransparency.code.tex 2013/09/30  (rcs-revision 1.5)
)
(D:\mikTex\tex\generic\pgf\basiclayer\pgfcorepatterns.code.tex
File: pgfcorepatterns.code.tex 2013/11/07  (rcs-revision 1.5)
)))
(D:\mikTex\tex\latex\pgf\utilities\xxcolor.sty
Package: xxcolor 2003/10/24 ver 0.1
\XC@nummixins=\count116
\XC@countmixins=\count117
)
(D:\mikTex\tex\generic\oberdiek\atbegshi.sty
Package: atbegshi 2011/10/05 v1.16 At begin shipout hook (HO)
)
(D:\mikTex\tex\latex\hyperref\hyperref.sty
Package: hyperref 2012/11/06 v6.83m Hypertext links for LaTeX

(D:\mikTex\tex\generic\oberdiek\hobsub-hyperref.sty
Package: hobsub-hyperref 2012/04/25 v1.12 Bundle oberdiek, subset hyperref (HO)


(D:\mikTex\tex\generic\oberdiek\hobsub-generic.sty
Package: hobsub-generic 2012/04/25 v1.12 Bundle oberdiek, subset generic (HO)
Package: hobsub 2012/04/25 v1.12 Construct package bundles (HO)
Package hobsub Info: Skipping package `infwarerr' (already loaded).
Package hobsub Info: Skipping package `ltxcmds' (already loaded).
Package: ifluatex 2010/03/01 v1.3 Provides the ifluatex switch (HO)
Package ifluatex Info: LuaTeX not detected.
Package hobsub Info: Skipping package `ifvtex' (already loaded).
Package: intcalc 2007/09/27 v1.1 Expandable calculations with integers (HO)
Package hobsub Info: Skipping package `ifpdf' (already loaded).
Package: etexcmds 2011/02/16 v1.5 Avoid name clashes with e-TeX commands (HO)
Package etexcmds Info: Could not find \expanded.
(etexcmds)             That can mean that you are not using pdfTeX 1.50 or
(etexcmds)             that some package has redefined \expanded.
(etexcmds)             In the latter case, load this package earlier.
Package: kvsetkeys 2012/04/25 v1.16 Key value parser (HO)
Package: kvdefinekeys 2011/04/07 v1.3 Define keys (HO)
Package: pdftexcmds 2011/11/29 v0.20 Utility functions of pdfTeX for LuaTeX (HO
)
Package pdftexcmds Info: LuaTeX not detected.
Package pdftexcmds Info: \pdf@primitive is available.
Package pdftexcmds Info: \pdf@ifprimitive is available.
Package pdftexcmds Info: \pdfdraftmode found.
Package: pdfescape 2011/11/25 v1.13 Implements pdfTeX's escape features (HO)
Package: bigintcalc 2012/04/08 v1.3 Expandable calculations on big integers (HO
)
Package: bitset 2011/01/30 v1.1 Handle bit-vector datatype (HO)
Package: uniquecounter 2011/01/30 v1.2 Provide unlimited unique counter (HO)
)
Package hobsub Info: Skipping package `hobsub' (already loaded).
Package: letltxmacro 2010/09/02 v1.4 Let assignment for LaTeX macros (HO)
Package: hopatch 2011/06/24 v1.1 Wrapper for package hooks (HO)
Package: xcolor-patch 2011/01/30 xcolor patch
Package: atveryend 2011/06/30 v1.8 Hooks at the very end of document (HO)
Package atveryend Info: \enddocument detected (standard20110627).
Package hobsub Info: Skipping package `atbegshi' (already loaded).
Package: refcount 2011/10/16 v3.4 Data extraction from label references (HO)
Package: hycolor 2011/01/30 v1.7 Color options for hyperref/bookmark (HO)
)
(D:\mikTex\tex\latex\oberdiek\auxhook.sty
Package: auxhook 2011/03/04 v1.3 Hooks for auxiliary files (HO)
)
(D:\mikTex\tex\latex\oberdiek\kvoptions.sty
Package: kvoptions 2011/06/30 v3.11 Key value format for package options (HO)
)
\@linkdim=\dimen164
\Hy@linkcounter=\count118
\Hy@pagecounter=\count119

(D:\mikTex\tex\latex\hyperref\pd1enc.def
File: pd1enc.def 2012/11/06 v6.83m Hyperref: PDFDocEncoding definition (HO)
)
\Hy@SavedSpaceFactor=\count120

(D:\mikTex\tex\latex\00miktex\hyperref.cfg
File: hyperref.cfg 2002/06/06 v1.2 hyperref configuration of TeXLive
)
Package hyperref Info: Option `bookmarks' set `true' on input line 4319.
Package hyperref Info: Option `bookmarksopen' set `true' on input line 4319.
Package hyperref Info: Option `implicit' set `false' on input line 4319.
Package hyperref Info: Hyper figures OFF on input line 4443.
Package hyperref Info: Link nesting OFF on input line 4448.
Package hyperref Info: Hyper index ON on input line 4451.
Package hyperref Info: Plain pages OFF on input line 4458.
Package hyperref Info: Backreferencing OFF on input line 4463.
Package hyperref Info: Implicit mode OFF; no redefinition of LaTeX internals.
Package hyperref Info: Bookmarks ON on input line 4688.
\c@Hy@tempcnt=\count121
 (D:\mikTex\tex\latex\url\url.sty
\Urlmuskip=\muskip10
Package: url 2013/09/16  ver 3.4  Verb mode for urls, etc.
)
LaTeX Info: Redefining \url on input line 5041.
\XeTeXLinkMargin=\dimen165
\Fld@menulength=\count122
\Field@Width=\dimen166
\Fld@charsize=\dimen167
Package hyperref Info: Hyper figures OFF on input line 6295.
Package hyperref Info: Link nesting OFF on input line 6300.
Package hyperref Info: Hyper index ON on input line 6303.
Package hyperref Info: backreferencing OFF on input line 6310.
Package hyperref Info: Link coloring OFF on input line 6315.
Package hyperref Info: Link coloring with OCG OFF on input line 6320.
Package hyperref Info: PDF/A mode OFF on input line 6325.
LaTeX Info: Redefining \ref on input line 6365.
LaTeX Info: Redefining \pageref on input line 6369.
\Hy@abspage=\count123


Package hyperref Message: Stopped early.

)

Package hyperref Message: Driver (autodetected): hpdftex.

(D:\mikTex\tex\latex\hyperref\hpdftex.def
File: hpdftex.def 2012/11/06 v6.83m Hyperref driver for pdfTeX
\Fld@listcount=\count124
\c@bookmark@seq@number=\count125

(D:\mikTex\tex\latex\oberdiek\rerunfilecheck.sty
Package: rerunfilecheck 2011/04/15 v1.7 Rerun checks for auxiliary files (HO)
Package uniquecounter Info: New unique counter `rerunfilecheck' on input line 2
82.
))
(D:\mikTex\tex\latex\beamer\base\beamerbaserequires.sty
Package: beamerbaserequires 2010/05/01  (rcs-revision efa082c6111d)

(D:\mikTex\tex\latex\beamer\base\beamerbasecompatibility.sty
Package: beamerbasecompatibility 2012/05/01  (rcs-revision 67c48b3b652d)
)
(D:\mikTex\tex\latex\beamer\base\beamerbasefont.sty
Package: beamerbasefont 2015/01/05  (rcs-revision b4b4bee242e2)

(D:\mikTex\tex\latex\amsfonts\amssymb.sty
Package: amssymb 2013/01/14 v3.01 AMS font symbols

(D:\mikTex\tex\latex\amsfonts\amsfonts.sty
Package: amsfonts 2013/01/14 v3.01 Basic AMSFonts support
\@emptytoks=\toks26
\symAMSa=\mathgroup4
\symAMSb=\mathgroup5
LaTeX Font Info:    Overwriting math alphabet `\mathfrak' in version `bold'
(Font)                  U/euf/m/n --> U/euf/b/n on input line 106.
))
(D:\mikTex\tex\latex\sansmathaccent\sansmathaccent.sty
Package: sansmathaccent 2013/03/28

(D:\mikTex\tex\latex\filehook\filehook.sty
Package: filehook 2011/10/12 v0.5d Hooks for input files
)))
(D:\mikTex\tex\latex\beamer\base\beamerbasetranslator.sty
Package: beamerbasetranslator 2010/06/11  (rcs-revision 85fd1cc7fc42)

(D:\mikTex\tex\latex\beamer\base\translator\translator.sty
Package: translator 2010/06/12 ver 1.10

(D:\mikTex\tex\latex\beamer\base\translator\translator-language-mappings.tex)))
(D:\mikTex\tex\latex\beamer\base\beamerbasemisc.sty
Package: beamerbasemisc 2013/09/03  (rcs-revision a55719c41d85)
)
(D:\mikTex\tex\latex\beamer\base\beamerbasetwoscreens.sty
Package: beamerbasetwoscreens 2010/05/01  (rcs-revision efa082c6111d)
)
(D:\mikTex\tex\latex\beamer\base\beamerbaseoverlay.sty
Package: beamerbaseoverlay 2013/12/25  (rcs-revision f6bd5e3805da)
\beamer@argscount=\count126
\beamer@lastskipcover=\skip44
\beamer@trivlistdepth=\count127
)
(D:\mikTex\tex\latex\beamer\base\beamerbasetitle.sty
Package: beamerbasetitle 2010/09/21  (rcs-revision f0446ed0b6ae)
)
(D:\mikTex\tex\latex\beamer\base\beamerbasesection.sty
Package: beamerbasesection 2013/06/07  (rcs-revision 60b9fe0f342f)
\c@lecture=\count128
\c@part=\count129
\c@section=\count130
\c@subsection=\count131
\c@subsubsection=\count132
)
(D:\mikTex\tex\latex\beamer\base\beamerbaseframe.sty
Package: beamerbaseframe 2014/02/20  (rcs-revision 4b8ceeeff434)
\beamer@framebox=\box40
\beamer@frametitlebox=\box41
\beamer@zoombox=\box42
\beamer@zoomcount=\count133
\beamer@zoomframecount=\count134
\beamer@frametextheight=\dimen168
\c@subsectionslide=\count135
\beamer@frametopskip=\skip45
\beamer@framebottomskip=\skip46
\beamer@frametopskipautobreak=\skip47
\beamer@framebottomskipautobreak=\skip48
\beamer@envbody=\toks27
\framewidth=\dimen169
\c@framenumber=\count136
)
(D:\mikTex\tex\latex\beamer\base\beamerbaseverbatim.sty
Package: beamerbaseverbatim 2015/01/05  (rcs-revision 431510bb5890)
\beamer@verbatimfileout=\write4
)
(D:\mikTex\tex\latex\beamer\base\beamerbaseframesize.sty
Package: beamerbaseframesize 2011/09/12  (rcs-revision 70f9d8411e54)
\beamer@splitbox=\box43
\beamer@autobreakcount=\count137
\beamer@autobreaklastheight=\dimen170
\beamer@frametitletoks=\toks28
\beamer@framesubtitletoks=\toks29
)
(D:\mikTex\tex\latex\beamer\base\beamerbaseframecomponents.sty
Package: beamerbaseframecomponents 2013/10/18  (rcs-revision 5cf6c5555a45)
\beamer@footins=\box44
)
(D:\mikTex\tex\latex\beamer\base\beamerbasecolor.sty
Package: beamerbasecolor 2015/02/21  (rcs-revision d944b04ee2d5)
)
(D:\mikTex\tex\latex\beamer\base\beamerbasenotes.sty
Package: beamerbasenotes 2012/12/19  (rcs-revision 1686da3db3c9)
\beamer@frameboxcopy=\box45
)
(D:\mikTex\tex\latex\beamer\base\beamerbasetoc.sty
Package: beamerbasetoc 2015/03/08  (rcs-revision 7270298bbaae)
)
(D:\mikTex\tex\latex\beamer\base\beamerbasetemplates.sty
Package: beamerbasetemplates 2010/05/01  (rcs-revision efa082c6111d)
\beamer@sbttoks=\toks30

(D:\mikTex\tex\latex\beamer\base\beamerbaseauxtemplates.sty
Package: beamerbaseauxtemplates 2014/06/30  (rcs-revision 580088513a67)

(D:\mikTex\tex\latex\beamer\base\beamerbaseboxes.sty
Package: beamerbaseboxes 2012/05/13  (rcs-revision 56972908a390)
\bmb@box=\box46
\bmb@colorbox=\box47
\bmb@boxshadow=\box48
\bmb@boxshadowball=\box49
\bmb@boxshadowballlarge=\box50
\bmb@temp=\dimen171
\bmb@dima=\dimen172
\bmb@dimb=\dimen173
\bmb@prevheight=\dimen174
)
\beamer@blockheadheight=\dimen175
))
(D:\mikTex\tex\latex\beamer\base\beamerbaselocalstructure.sty
Package: beamerbaselocalstructure 2014/09/10  (rcs-revision 393f6dcff371)

(D:\mikTex\tex\latex\tools\enumerate.sty
Package: enumerate 1999/03/05 v3.00 enumerate extensions (DPC)
\@enLab=\toks31
)
\c@figure=\count138
\c@table=\count139
\abovecaptionskip=\skip49
\belowcaptionskip=\skip50
)
(D:\mikTex\tex\latex\beamer\base\beamerbasenavigation.sty
Package: beamerbasenavigation 2015/02/27  (rcs-revision 923f4bf87efa)
\beamer@section@min@dim=\dimen176
)
(D:\mikTex\tex\latex\beamer\base\beamerbasetheorems.sty
Package: beamerbasetheorems 2010/06/06  (rcs-revision 7e7cc5e53e9d)

(D:\mikTex\tex\latex\amsmath\amsmath.sty
Package: amsmath 2013/01/14 v2.14 AMS math features
\@mathmargin=\skip51

For additional information on amsmath, use the `?' option.
(D:\mikTex\tex\latex\amsmath\amstext.sty
Package: amstext 2000/06/29 v2.01

(D:\mikTex\tex\latex\amsmath\amsgen.sty
File: amsgen.sty 1999/11/30 v2.0
\@emptytoks=\toks32
\ex@=\dimen177
))
(D:\mikTex\tex\latex\amsmath\amsbsy.sty
Package: amsbsy 1999/11/29 v1.2d
\pmbraise@=\dimen178
)
(D:\mikTex\tex\latex\amsmath\amsopn.sty
Package: amsopn 1999/12/14 v2.01 operator names
)
\inf@bad=\count140
LaTeX Info: Redefining \frac on input line 210.
\uproot@=\count141
\leftroot@=\count142
LaTeX Info: Redefining \overline on input line 306.
\classnum@=\count143
\DOTSCASE@=\count144
LaTeX Info: Redefining \ldots on input line 378.
LaTeX Info: Redefining \dots on input line 381.
LaTeX Info: Redefining \cdots on input line 466.
\Mathstrutbox@=\box51
\strutbox@=\box52
\big@size=\dimen179
LaTeX Font Info:    Redeclaring font encoding OML on input line 566.
LaTeX Font Info:    Redeclaring font encoding OMS on input line 567.
\macc@depth=\count145
\c@MaxMatrixCols=\count146
\dotsspace@=\muskip11
\c@parentequation=\count147
\dspbrk@lvl=\count148
\tag@help=\toks33
\row@=\count149
\column@=\count150
\maxfields@=\count151
\andhelp@=\toks34
\eqnshift@=\dimen180
\alignsep@=\dimen181
\tagshift@=\dimen182
\tagwidth@=\dimen183
\totwidth@=\dimen184
\lineht@=\dimen185
\@envbody=\toks35
\multlinegap=\skip52
\multlinetaggap=\skip53
\mathdisplay@stack=\toks36
LaTeX Info: Redefining \[ on input line 2665.
LaTeX Info: Redefining \] on input line 2666.
)
(D:\mikTex\tex\latex\amscls\amsthm.sty
Package: amsthm 2004/08/06 v2.20
\thm@style=\toks37
\thm@bodyfont=\toks38
\thm@headfont=\toks39
\thm@notefont=\toks40
\thm@headpunct=\toks41
\thm@preskip=\skip54
\thm@postskip=\skip55
\thm@headsep=\skip56
\dth@everypar=\toks42
)
\c@theorem=\count152
)
(D:\mikTex\tex\latex\beamer\base\beamerbasethemes.sty
Package: beamerbasethemes 2010/05/01  (rcs-revision efa082c6111d)
))
(D:\mikTex\tex\latex\beamer\base\themes\theme\beamerthemedefault.sty
Package: beamerthemedefault 2010/06/17  (rcs-revision d02a7cf4d8ae)

(D:\mikTex\tex\latex\beamer\base\themes\font\beamerfontthemedefault.sty
Package: beamerfontthemedefault 2012/12/19  (rcs-revision 1686da3db3c9)
)
(D:\mikTex\tex\latex\beamer\base\themes\color\beamercolorthemedefault.sty
Package: beamercolorthemedefault 2012/12/19  (rcs-revision 1686da3db3c9)
)
(D:\mikTex\tex\latex\beamer\base\themes\inner\beamerinnerthemedefault.sty
Package: beamerinnerthemedefault 2014/06/30  (rcs-revision 580088513a67)
\beamer@dima=\dimen186
\beamer@dimb=\dimen187
)
(D:\mikTex\tex\latex\beamer\base\themes\outer\beamerouterthemedefault.sty
Package: beamerouterthemedefault 2012/12/19  (rcs-revision 1686da3db3c9)
)))
(D:\mikTex\tex\latex\colortbl\colortbl.sty
Package: colortbl 2012/02/13 v1.0a Color table columns (DPC)
 (D:\mikTex\tex\latex\tools\array.sty
Package: array 2008/09/09 v2.4c Tabular extension package (FMi)
\col@sep=\dimen188
\extrarowheight=\dimen189
\NC@list=\toks43
\extratabsurround=\skip57
\backup@length=\skip58
)
\everycr=\toks44
\minrowclearance=\skip59
) (D:\mikTex\tex\latex\adjustbox\adjustbox.sty
Package: adjustbox 2012/05/21 v1.0 Adjusting TeX boxes (trim, clip, ...)

(D:\mikTex\tex\latex\xkeyval\xkeyval.sty
Package: xkeyval 2012/10/14 v2.6b package option processing (HA)

(D:\mikTex\tex\generic\xkeyval\xkeyval.tex
\XKV@toks=\toks45
\XKV@tempa@toks=\toks46
\XKV@depth=\count153
File: xkeyval.tex 2012/10/14 v2.6b key=value parser (HA)
))
(D:\mikTex\tex\latex\adjustbox\adjcalc.sty
Package: adjcalc 2012/05/16 v1.1 Provides advanced setlength with multiple back
-ends (calc, etex, pgfmath)
)
(D:\mikTex\tex\latex\adjustbox\trimclip.sty
Package: trimclip 2012/05/16 v1.0 Trim and clip general TeX material

(D:\mikTex\tex\latex\collectbox\collectbox.sty
Package: collectbox 2012/05/17 v0.4b Collect macro arguments as boxes
\collectedbox=\box53
)
\tc@llx=\dimen190
\tc@lly=\dimen191
\tc@urx=\dimen192
\tc@ury=\dimen193
Package trimclip Info: Using driver 'tc-pdftex.def'.

(D:\mikTex\tex\latex\adjustbox\tc-pdftex.def
File: tc-pdftex.def 2012/05/13 v1.0 Clipping driver for pdftex
))
\adjbox@Width=\dimen194
\adjbox@Height=\dimen195
\adjbox@Depth=\dimen196
\adjbox@Totalheight=\dimen197

(D:\mikTex\tex\latex\ifoddpage\ifoddpage.sty
Package: ifoddpage 2011/09/13 v1.0 Conditionals for odd/even page detection
\c@checkoddpage=\count154
)
(D:\mikTex\tex\latex\ltxmisc\varwidth.sty
Package: varwidth 2009/03/30 ver 0.92;  Variable-width minipages
\@vwid@box=\box54
\sift@deathcycles=\count155
\@vwid@loff=\dimen198
\@vwid@roff=\dimen199
))
(D:\mikTex\tex\latex\beamer\base\themes\theme\beamerthemeBerkeley.sty
Package: beamerthemeBerkeley 2010/06/17  (rcs-revision d02a7cf4d8ae)

(D:\mikTex\tex\latex\beamer\base\themes\outer\beamerouterthemesidebar.sty
Package: beamerouterthemesidebar 2010/06/17  (rcs-revision d02a7cf4d8ae)
\beamer@sidebarwidth=\dimen200
\beamer@headheight=\dimen201
)
(D:\mikTex\tex\latex\beamer\base\themes\inner\beamerinnerthemerectangles.sty
Package: beamerinnerthemerectangles 2010/06/17  (rcs-revision d02a7cf4d8ae)
)
(D:\mikTex\tex\latex\beamer\base\themes\color\beamercolorthemewhale.sty
Package: beamercolorthemewhale 2010/06/17  (rcs-revision d02a7cf4d8ae)
)
(D:\mikTex\tex\latex\beamer\base\themes\color\beamercolorthemeorchid.sty
Package: beamercolorthemeorchid 2010/06/17  (rcs-revision d02a7cf4d8ae)
))
(D:\mikTex\tex\latex\beamer\base\themes\color\beamercolorthemecrane.sty
Package: beamercolorthemecrane 2010/06/17  (rcs-revision d02a7cf4d8ae)
)
(D:\Progress-Presentation\Progress-Presentation.aux

LaTeX Warning: Label `fig:sfig2' multiply defined.


LaTeX Warning: Label `fig:sfig4' multiply defined.


LaTeX Warning: Label `fig:sfig4' multiply defined.


LaTeX Warning: Label `fig:sfig4' multiply defined.


LaTeX Warning: Label `fig:sfig4' multiply defined.


LaTeX Warning: Label `fig:sfig4' multiply defined.


LaTeX Warning: Label `fig:sfig4' multiply defined.


LaTeX Warning: Label `fig:sfig4' multiply defined.


LaTeX Warning: Label `fig:sfig4' multiply defined.


LaTeX Warning: Label `fig:sfig4' multiply defined.

)
LaTeX Font Info:    Checking defaults for OML/cmm/m/it on input line 17.
LaTeX Font Info:    ... okay on input line 17.
LaTeX Font Info:    Checking defaults for T1/cmr/m/n on input line 17.
LaTeX Font Info:    ... okay on input line 17.
LaTeX Font Info:    Checking defaults for OT1/cmr/m/n on input line 17.
LaTeX Font Info:    ... okay on input line 17.
LaTeX Font Info:    Checking defaults for OMS/cmsy/m/n on input line 17.
LaTeX Font Info:    ... okay on input line 17.
LaTeX Font Info:    Checking defaults for OMX/cmex/m/n on input line 17.
LaTeX Font Info:    ... okay on input line 17.
LaTeX Font Info:    Checking defaults for U/cmr/m/n on input line 17.
LaTeX Font Info:    ... okay on input line 17.
LaTeX Font Info:    Checking defaults for PD1/pdf/m/n on input line 17.
LaTeX Font Info:    ... okay on input line 17.

*geometry* driver: auto-detecting
*geometry* detected driver: pdftex
*geometry* verbose mode - [ preamble ] result:
* driver: pdftex
* paper: custom
* layout: <same size as paper>
* layoutoffset:(h,v)=(0.0pt,0.0pt)
* modes: includehead includefoot 
* h-part:(L,W,R)=(59.22636pt, 290.74263pt, 14.22636pt)
* v-part:(T,H,B)=(0.0pt, 273.14662pt, 0.0pt)
* \paperwidth=364.19536pt
* \paperheight=273.14662pt
* \textwidth=290.74263pt
* \textheight=244.6939pt
* \oddsidemargin=-13.04362pt
* \evensidemargin=-13.04362pt
* \topmargin=-72.26999pt
* \headheight=14.22636pt
* \headsep=0.0pt
* \topskip=10.0pt
* \footskip=14.22636pt
* \marginparwidth=3.0pt
* \marginparsep=11.0pt
* \columnsep=10.0pt
* \skip\footins=9.0pt plus 4.0pt minus 2.0pt
* \hoffset=0.0pt
* \voffset=0.0pt
* \mag=1000
* \@twocolumnfalse
* \@twosidefalse
* \@mparswitchfalse
* \@reversemarginfalse
* (1in=72.27pt=25.4mm, 1cm=28.453pt)

(D:\mikTex\tex\context\base\supp-pdf.mkii
[Loading MPS to PDF converter (version 2006.09.02).]
\scratchcounter=\count156
\scratchdimen=\dimen202
\scratchbox=\box55
\nofMPsegments=\count157
\nofMParguments=\count158
\everyMPshowfont=\toks47
\MPscratchCnt=\count159
\MPscratchDim=\dimen203
\MPnumerator=\count160
\makeMPintoPDFobject=\count161
\everyMPtoPDFconversion=\toks48
) ABD: EveryShipout initializing macros
\AtBeginShipoutBox=\box56
Package hyperref Info: Link coloring OFF on input line 17.

(D:\mikTex\tex\latex\hyperref\nameref.sty
Package: nameref 2012/10/27 v2.43 Cross-referencing by name of section

(D:\mikTex\tex\generic\oberdiek\gettitlestring.sty
Package: gettitlestring 2010/12/03 v1.4 Cleanup title references (HO)
)
\c@section@level=\count162
)
LaTeX Info: Redefining \ref on input line 17.
LaTeX Info: Redefining \pageref on input line 17.
LaTeX Info: Redefining \nameref on input line 17.

(D:\Progress-Presentation\Progress-Presentation.out)
(D:\Progress-Presentation\Progress-Presentation.out)
\@outlinefile=\write5
LaTeX Font Info:    Overwriting symbol font `operators' in version `normal'
(Font)                  OT1/cmr/m/n --> OT1/cmss/m/n on input line 17.
LaTeX Font Info:    Overwriting symbol font `operators' in version `bold'
(Font)                  OT1/cmr/bx/n --> OT1/cmss/bx/n on input line 17.
\symnumbers=\mathgroup6
\sympureletters=\mathgroup7
LaTeX Font Info:    Overwriting math alphabet `\mathrm' in version `normal'
(Font)                  OT1/cmss/m/n --> OT1/cmr/m/n on input line 17.
LaTeX Font Info:    Redeclaring math alphabet \mathbf on input line 17.
LaTeX Font Info:    Overwriting math alphabet `\mathbf' in version `normal'
(Font)                  OT1/cmr/bx/n --> OT1/cmss/bx/n on input line 17.
LaTeX Font Info:    Overwriting math alphabet `\mathbf' in version `bold'
(Font)                  OT1/cmr/bx/n --> OT1/cmss/bx/n on input line 17.
LaTeX Font Info:    Redeclaring math alphabet \mathsf on input line 17.
LaTeX Font Info:    Overwriting math alphabet `\mathsf' in version `normal'
(Font)                  OT1/cmss/m/n --> OT1/cmss/m/n on input line 17.
LaTeX Font Info:    Overwriting math alphabet `\mathsf' in version `bold'
(Font)                  OT1/cmss/bx/n --> OT1/cmss/m/n on input line 17.
LaTeX Font Info:    Redeclaring math alphabet \mathit on input line 17.
LaTeX Font Info:    Overwriting math alphabet `\mathit' in version `normal'
(Font)                  OT1/cmr/m/it --> OT1/cmss/m/it on input line 17.
LaTeX Font Info:    Overwriting math alphabet `\mathit' in version `bold'
(Font)                  OT1/cmr/bx/it --> OT1/cmss/m/it on input line 17.
LaTeX Font Info:    Redeclaring math alphabet \mathtt on input line 17.
LaTeX Font Info:    Overwriting math alphabet `\mathtt' in version `normal'
(Font)                  OT1/cmtt/m/n --> OT1/cmtt/m/n on input line 17.
LaTeX Font Info:    Overwriting math alphabet `\mathtt' in version `bold'
(Font)                  OT1/cmtt/m/n --> OT1/cmtt/m/n on input line 17.
LaTeX Font Info:    Overwriting symbol font `numbers' in version `bold'
(Font)                  OT1/cmss/m/n --> OT1/cmss/bx/n on input line 17.
LaTeX Font Info:    Overwriting symbol font `pureletters' in version `bold'
(Font)                  OT1/cmss/m/it --> OT1/cmss/bx/it on input line 17.
LaTeX Font Info:    Overwriting math alphabet `\mathrm' in version `bold'
(Font)                  OT1/cmss/bx/n --> OT1/cmr/bx/n on input line 17.
LaTeX Font Info:    Overwriting math alphabet `\mathbf' in version `bold'
(Font)                  OT1/cmss/bx/n --> OT1/cmss/bx/n on input line 17.
LaTeX Font Info:    Overwriting math alphabet `\mathsf' in version `bold'
(Font)                  OT1/cmss/m/n --> OT1/cmss/bx/n on input line 17.
LaTeX Font Info:    Overwriting math alphabet `\mathit' in version `bold'
(Font)                  OT1/cmss/m/it --> OT1/cmss/bx/it on input line 17.
LaTeX Font Info:    Overwriting math alphabet `\mathtt' in version `bold'
(Font)                  OT1/cmtt/m/n --> OT1/cmtt/bx/n on input line 17.
LaTeX Font Info:    Redeclaring symbol font `pureletters' on input line 17.
LaTeX Font Info:    Overwriting symbol font `pureletters' in version `normal'
(Font)                  OT1/cmss/m/it --> OT1/mathkerncmss/m/sl on input line 1
7.
LaTeX Font Info:    Overwriting symbol font `pureletters' in version `bold'
(Font)                  OT1/cmss/bx/it --> OT1/mathkerncmss/m/sl on input line 
17.
LaTeX Font Info:    Overwriting symbol font `pureletters' in version `bold'
(Font)                  OT1/mathkerncmss/m/sl --> OT1/mathkerncmss/bx/sl on inp
ut line 17.

(D:\mikTex\tex\latex\beamer\base\translator\dicts\translator-basic-dictionary\t
ranslator-basic-dictionary-English.dict
Dictionary: translator-basic-dictionary, Language: English 
)
(D:\mikTex\tex\latex\beamer\base\translator\dicts\translator-bibliography-dicti
onary\translator-bibliography-dictionary-English.dict
Dictionary: translator-bibliography-dictionary, Language: English 
)
(D:\mikTex\tex\latex\beamer\base\translator\dicts\translator-environment-dictio
nary\translator-environment-dictionary-English.dict
Dictionary: translator-environment-dictionary, Language: English 
)
(D:\mikTex\tex\latex\beamer\base\translator\dicts\translator-months-dictionary\
translator-months-dictionary-English.dict
Dictionary: translator-months-dictionary, Language: English 
)
(D:\mikTex\tex\latex\beamer\base\translator\dicts\translator-numbers-dictionary
\translator-numbers-dictionary-English.dict
Dictionary: translator-numbers-dictionary, Language: English 
)
(D:\mikTex\tex\latex\beamer\base\translator\dicts\translator-theorem-dictionary
\translator-theorem-dictionary-English.dict
Dictionary: translator-theorem-dictionary, Language: English 
)
LaTeX Info: Redefining \includegraphics on input line 17.

(D:\Progress-Presentation\Progress-Presentation.nav)

Package hyperref Warning: Option `pdfauthor' has already been used,
(hyperref)                setting the option has no effect on input line 22.


LaTeX Font Warning: Font shape `OT1/cmss/m/n' in size <4> not available
(Font)              size <5> substituted on input line 26.

[1

{C:/ProgramData/MiKTeX/2.9/pdftex/config/pdftex.map}] [2

] [3

] [4

] [5

]
[6

] [7

]
LaTeX Font Info:    Try loading font information for U+msa on input line 81.
 (D:\mikTex\tex\latex\amsfonts\umsa.fd
File: umsa.fd 2013/01/14 v3.01 AMS symbols A
)
LaTeX Font Info:    Try loading font information for U+msb on input line 81.

(D:\mikTex\tex\latex\amsfonts\umsb.fd
File: umsb.fd 2013/01/14 v3.01 AMS symbols B
)
LaTeX Font Info:    Try loading font information for OT1+mathkerncmss on input 
line 81.

(D:\mikTex\tex\latex\sansmathaccent\ot1mathkerncmss.fd
File: ot1mathkerncmss.fd 2013/03/27 Fontinst v1.933 font definitions for OT1/ma
thkerncmss.
) [8

] [9

]
<C:/Users/KUMAR/eYSIP_2015_Marker_based_Robot_Localisation.wiki/images/ras.jpg,
 id=340, 108.405pt x 72.5109pt>
File: C:/Users/KUMAR/eYSIP_2015_Marker_based_Robot_Localisation.wiki/images/ras
.jpg Graphic file (type jpg)

<use C:/Users/KUMAR/eYSIP_2015_Marker_based_Robot_Localisation.wiki/images/ras.
jpg>
Package pdftex.def Info: C:/Users/KUMAR/eYSIP_2015_Marker_based_Robot_Localisat
ion.wiki/images/ras.jpg used on input line 143.
(pdftex.def)             Requested size: 72.68886pt x 89.66028pt.
 [10

 <C:/Users/KUMAR/eYSIP_2015_Marker_based_Robot_Localisation.wiki/images/ras.jpg
>]
File: C:/Users/KUMAR/eYSIP_2015_Marker_based_Robot_Localisation.wiki/images/ras
.jpg Graphic file (type jpg)

<use C:/Users/KUMAR/eYSIP_2015_Marker_based_Robot_Localisation.wiki/images/ras.
jpg>
Package pdftex.def Info: C:/Users/KUMAR/eYSIP_2015_Marker_based_Robot_Localisat
ion.wiki/images/ras.jpg used on input line 143.
(pdftex.def)             Requested size: 72.68886pt x 89.66028pt.
 [11

]
File: C:/Users/KUMAR/eYSIP_2015_Marker_based_Robot_Localisation.wiki/images/ras
.jpg Graphic file (type jpg)

<use C:/Users/KUMAR/eYSIP_2015_Marker_based_Robot_Localisation.wiki/images/ras.
jpg>
Package pdftex.def Info: C:/Users/KUMAR/eYSIP_2015_Marker_based_Robot_Localisat
ion.wiki/images/ras.jpg used on input line 143.
(pdftex.def)             Requested size: 72.68886pt x 89.66028pt.
 [12

]
File: C:/Users/KUMAR/eYSIP_2015_Marker_based_Robot_Localisation.wiki/images/ras
.jpg Graphic file (type jpg)

<use C:/Users/KUMAR/eYSIP_2015_Marker_based_Robot_Localisation.wiki/images/ras.
jpg>
Package pdftex.def Info: C:/Users/KUMAR/eYSIP_2015_Marker_based_Robot_Localisat
ion.wiki/images/ras.jpg used on input line 143.
(pdftex.def)             Requested size: 72.68886pt x 89.66028pt.
 [13

] [14

]
<C:/Users/KUMAR/eYSIP_2015_Marker_based_Robot_Localisation.wiki/images/Raspi-co
nfig.png, id=510, 487.06969pt x 191.21437pt>
File: C:/Users/KUMAR/eYSIP_2015_Marker_based_Robot_Localisation.wiki/images/Ras
pi-config.png Graphic file (type png)

<use C:/Users/KUMAR/eYSIP_2015_Marker_based_Robot_Localisation.wiki/images/Rasp
i-config.png>
Package pdftex.def Info: C:/Users/KUMAR/eYSIP_2015_Marker_based_Robot_Localisat
ion.wiki/images/Raspi-config.png used on input line 166.
(pdftex.def)             Requested size: 261.6685pt x 112.0744pt.
pdfTeX warning (ext4): destination with the same identifier (name{fig:sfig2}) h
as been already used, duplicate ignored
<to be read again> 
                   \relax 
l.166 \end{frame}
                  [15

 <C:/Users/KUMAR/eYSIP_2015_Marker_based_Robot_Localisation.wiki/images/Raspi-c
onfig.png>]
<C:/Users/KUMAR/eYSIP_2015_Marker_based_Robot_Localisation.wiki/images/Threshol
ding.png, id=546, 589.0005pt x 444.4605pt>
File: C:/Users/KUMAR/eYSIP_2015_Marker_based_Robot_Localisation.wiki/images/Thr
esholding.png Graphic file (type png)

<use C:/Users/KUMAR/eYSIP_2015_Marker_based_Robot_Localisation.wiki/images/Thre
sholding.png>
Package pdftex.def Info: C:/Users/KUMAR/eYSIP_2015_Marker_based_Robot_Localisat
ion.wiki/images/Thresholding.png used on input line 181.
(pdftex.def)             Requested size: 218.06158pt x 156.89954pt.
 [16

 <C:/Users/KUMAR/eYSIP_2015_Marker_based_Robot_Localisation.wiki/images/Thresho
lding.png>] [17

]
<C:/Users/KUMAR/eYSIP_2015_Marker_based_Robot_Localisation.wiki/images/morph.pn
g, id=616, 589.0005pt x 444.4605pt>
File: C:/Users/KUMAR/eYSIP_2015_Marker_based_Robot_Localisation.wiki/images/mor
ph.png Graphic file (type png)

<use C:/Users/KUMAR/eYSIP_2015_Marker_based_Robot_Localisation.wiki/images/morp
h.png>
Package pdftex.def Info: C:/Users/KUMAR/eYSIP_2015_Marker_based_Robot_Localisat
ion.wiki/images/morph.png used on input line 206.
(pdftex.def)             Requested size: 218.06158pt x 156.89954pt.
 [18

 <C:/Users/KUMAR/eYSIP_2015_Marker_based_Robot_Localisation.wiki/images/morph.p
ng>]
<C:/Users/KUMAR/eYSIP_2015_Marker_based_Robot_Localisation.wiki/images/tiger_DT
.png, id=651, 589.0005pt x 444.4605pt>
File: C:/Users/KUMAR/eYSIP_2015_Marker_based_Robot_Localisation.wiki/images/tig
er_DT.png Graphic file (type png)

<use C:/Users/KUMAR/eYSIP_2015_Marker_based_Robot_Localisation.wiki/images/tige
r_DT.png>
Package pdftex.def Info: C:/Users/KUMAR/eYSIP_2015_Marker_based_Robot_Localisat
ion.wiki/images/tiger_DT.png used on input line 225.
(pdftex.def)             Requested size: 218.06158pt x 156.89954pt.

Overfull \vbox (10.75291pt too high) detected at line 225
 []

[19

 <C:/Users/KUMAR/eYSIP_2015_Marker_based_Robot_Localisation.wiki/images/tiger_D
T.png>]
<C:/Users/KUMAR/eYSIP_2015_Marker_based_Robot_Localisation.wiki/images/water_co
ins.jpg, id=688, 252.945pt x 313.17pt>
File: C:/Users/KUMAR/eYSIP_2015_Marker_based_Robot_Localisation.wiki/images/wat
er_coins.jpg Graphic file (type jpg)

<use C:/Users/KUMAR/eYSIP_2015_Marker_based_Robot_Localisation.wiki/images/wate
r_coins.jpg>
Package pdftex.def Info: C:/Users/KUMAR/eYSIP_2015_Marker_based_Robot_Localisat
ion.wiki/images/water_coins.jpg used on input line 239.
(pdftex.def)             Requested size: 145.37277pt x 156.90477pt.
pdfTeX warning (ext4): destination with the same identifier (name{fig:sfig4}) h
as been already used, duplicate ignored
<to be read again> 
                   \relax 
l.239 \end{frame}
                  [20

 <C:/Users/KUMAR/eYSIP_2015_Marker_based_Robot_Localisation.wiki/images/water_c
oins.jpg>]
<C:/Users/KUMAR/eYSIP_2015_Marker_based_Robot_Localisation.wiki/images/otsuthre
sh.jpg, id=722, 252.945pt x 313.17pt>
File: C:/Users/KUMAR/eYSIP_2015_Marker_based_Robot_Localisation.wiki/images/ots
uthresh.jpg Graphic file (type jpg)

<use C:/Users/KUMAR/eYSIP_2015_Marker_based_Robot_Localisation.wiki/images/otsu
thresh.jpg>
Package pdftex.def Info: C:/Users/KUMAR/eYSIP_2015_Marker_based_Robot_Localisat
ion.wiki/images/otsuthresh.jpg used on input line 251.
(pdftex.def)             Requested size: 145.37277pt x 156.90477pt.
pdfTeX warning (ext4): destination with the same identifier (name{fig:sfig4}) h
as been already used, duplicate ignored
<to be read again> 
                   \relax 
l.251 \end{frame}
                  [21

 <C:/Users/KUMAR/eYSIP_2015_Marker_based_Robot_Localisation.wiki/images/otsuthr
esh.jpg>]
<C:/Users/KUMAR/eYSIP_2015_Marker_based_Robot_Localisation.wiki/images/Sure_fg.
jpg, id=756, 252.945pt x 313.17pt>
File: C:/Users/KUMAR/eYSIP_2015_Marker_based_Robot_Localisation.wiki/images/Sur
e_fg.jpg Graphic file (type jpg)

<use C:/Users/KUMAR/eYSIP_2015_Marker_based_Robot_Localisation.wiki/images/Sure
_fg.jpg>
Package pdftex.def Info: C:/Users/KUMAR/eYSIP_2015_Marker_based_Robot_Localisat
ion.wiki/images/Sure_fg.jpg used on input line 265.
(pdftex.def)             Requested size: 145.37277pt x 156.90477pt.
 [22

 <C:/Users/KUMAR/eYSIP_2015_Marker_based_Robot_Localisation.wiki/images/Sure_fg
.jpg>]
<C:/Users/KUMAR/eYSIP_2015_Marker_based_Robot_Localisation.wiki/images/Sure_bg.
jpg, id=790, 252.945pt x 313.17pt>
File: C:/Users/KUMAR/eYSIP_2015_Marker_based_Robot_Localisation.wiki/images/Sur
e_bg.jpg Graphic file (type jpg)

<use C:/Users/KUMAR/eYSIP_2015_Marker_based_Robot_Localisation.wiki/images/Sure
_bg.jpg>
Package pdftex.def Info: C:/Users/KUMAR/eYSIP_2015_Marker_based_Robot_Localisat
ion.wiki/images/Sure_bg.jpg used on input line 277.
(pdftex.def)             Requested size: 145.37277pt x 156.90477pt.
pdfTeX warning (ext4): destination with the same identifier (name{fig:sfig4}) h
as been already used, duplicate ignored
<to be read again> 
                   \relax 
l.277 \end{frame}
                  [23

 <C:/Users/KUMAR/eYSIP_2015_Marker_based_Robot_Localisation.wiki/images/Sure_bg
.jpg>]
<C:/Users/KUMAR/eYSIP_2015_Marker_based_Robot_Localisation.wiki/images/img.jpg,
 id=824, 252.945pt x 313.17pt>
File: C:/Users/KUMAR/eYSIP_2015_Marker_based_Robot_Localisation.wiki/images/img
.jpg Graphic file (type jpg)

<use C:/Users/KUMAR/eYSIP_2015_Marker_based_Robot_Localisation.wiki/images/img.
jpg>
Package pdftex.def Info: C:/Users/KUMAR/eYSIP_2015_Marker_based_Robot_Localisat
ion.wiki/images/img.jpg used on input line 289.
(pdftex.def)             Requested size: 145.37277pt x 156.90477pt.
pdfTeX warning (ext4): destination with the same identifier (name{fig:sfig4}) h
as been already used, duplicate ignored
<to be read again> 
                   \relax 
l.289 \end{frame}
                  [24

 <C:/Users/KUMAR/eYSIP_2015_Marker_based_Robot_Localisation.wiki/images/img.jpg
>] [25

]
<C:/Users/KUMAR/eYSIP_2015_Marker_based_Robot_Localisation.wiki/images/grad.png
, id=892, 589.0005pt x 444.4605pt>
File: C:/Users/KUMAR/eYSIP_2015_Marker_based_Robot_Localisation.wiki/images/gra
d.png Graphic file (type png)

<use C:/Users/KUMAR/eYSIP_2015_Marker_based_Robot_Localisation.wiki/images/grad
.png>
Package pdftex.def Info: C:/Users/KUMAR/eYSIP_2015_Marker_based_Robot_Localisat
ion.wiki/images/grad.png used on input line 312.
(pdftex.def)             Requested size: 218.06158pt x 156.89954pt.
 [26

 <C:/Users/KUMAR/eYSIP_2015_Marker_based_Robot_Localisation.wiki/images/grad.pn
g>]
<C:/Users/KUMAR/eYSIP_2015_Marker_based_Robot_Localisation.wiki/images/mona.png
, id=927, 589.0005pt x 444.4605pt>
File: C:/Users/KUMAR/eYSIP_2015_Marker_based_Robot_Localisation.wiki/images/mon
a.png Graphic file (type png)

<use C:/Users/KUMAR/eYSIP_2015_Marker_based_Robot_Localisation.wiki/images/mona
.png>
Package pdftex.def Info: C:/Users/KUMAR/eYSIP_2015_Marker_based_Robot_Localisat
ion.wiki/images/mona.png used on input line 326.
(pdftex.def)             Requested size: 218.06158pt x 156.89954pt.
pdfTeX warning (ext4): destination with the same identifier (name{fig:sfig4}) h
as been already used, duplicate ignored
<to be read again> 
                   \relax 
l.326 \end{frame}
                  [27

 <C:/Users/KUMAR/eYSIP_2015_Marker_based_Robot_Localisation.wiki/images/mona.pn
g>]
<C:/Users/KUMAR/eYSIP_2015_Marker_based_Robot_Localisation.wiki/images/cartoon_
ab.jpg, id=962, 474.77374pt x 519.9425pt>
File: C:/Users/KUMAR/eYSIP_2015_Marker_based_Robot_Localisation.wiki/images/car
toon_ab.jpg Graphic file (type jpg)

<use C:/Users/KUMAR/eYSIP_2015_Marker_based_Robot_Localisation.wiki/images/cart
oon_ab.jpg>
Package pdftex.def Info: C:/Users/KUMAR/eYSIP_2015_Marker_based_Robot_Localisat
ion.wiki/images/cartoon_ab.jpg used on input line 344.
(pdftex.def)             Requested size: 145.36722pt x 156.89632pt.
pdfTeX warning (ext4): destination with the same identifier (name{fig:sfig4}) h
as been already used, duplicate ignored
<to be read again> 
                   \relax 
l.344 \end{frame}
                  [28

 <C:/Users/KUMAR/eYSIP_2015_Marker_based_Robot_Localisation.wiki/images/cartoon
_ab.jpg>]
<C:/Users/KUMAR/eYSIP_2015_Marker_based_Robot_Localisation.wiki/images/ab2.jpg,
 id=996, 474.77374pt x 519.9425pt>
File: C:/Users/KUMAR/eYSIP_2015_Marker_based_Robot_Localisation.wiki/images/ab2
.jpg Graphic file (type jpg)

<use C:/Users/KUMAR/eYSIP_2015_Marker_based_Robot_Localisation.wiki/images/ab2.
jpg>
Package pdftex.def Info: C:/Users/KUMAR/eYSIP_2015_Marker_based_Robot_Localisat
ion.wiki/images/ab2.jpg used on input line 356.
(pdftex.def)             Requested size: 145.36722pt x 156.89632pt.
pdfTeX warning (ext4): destination with the same identifier (name{fig:sfig4}) h
as been already used, duplicate ignored
<to be read again> 
                   \relax 
l.356 \end{frame}
                  [29

 <C:/Users/KUMAR/eYSIP_2015_Marker_based_Robot_Localisation.wiki/images/ab2.jpg
>]
<C:/Users/KUMAR/eYSIP_2015_Marker_based_Robot_Localisation.wiki/images/Hough.pn
g, id=1030, 589.0005pt x 444.4605pt>
File: C:/Users/KUMAR/eYSIP_2015_Marker_based_Robot_Localisation.wiki/images/Hou
gh.png Graphic file (type png)

<use C:/Users/KUMAR/eYSIP_2015_Marker_based_Robot_Localisation.wiki/images/Houg
h.png>
Package pdftex.def Info: C:/Users/KUMAR/eYSIP_2015_Marker_based_Robot_Localisat
ion.wiki/images/Hough.png used on input line 372.
(pdftex.def)             Requested size: 247.13585pt x 156.89954pt.
pdfTeX warning (ext4): destination with the same identifier (name{fig:sfig4}) h
as been already used, duplicate ignored
<to be read again> 
                   \relax 
l.372 \end{frame}
                 
Overfull \vbox (12.64178pt too high) detected at line 372
 []

[30

 <C:/Users/KUMAR/eYSIP_2015_Marker_based_Robot_Localisation.wiki/images/Hough.p
ng>]
<C:/Users/KUMAR/eYSIP_2015_Marker_based_Robot_Localisation.wiki/images/Shape.pn
g, id=1064, 589.0005pt x 444.4605pt>
File: C:/Users/KUMAR/eYSIP_2015_Marker_based_Robot_Localisation.wiki/images/Sha
pe.png Graphic file (type png)

<use C:/Users/KUMAR/eYSIP_2015_Marker_based_Robot_Localisation.wiki/images/Shap
e.png>
Package pdftex.def Info: C:/Users/KUMAR/eYSIP_2015_Marker_based_Robot_Localisat
ion.wiki/images/Shape.png used on input line 392.
(pdftex.def)             Requested size: 218.06158pt x 156.89954pt.
pdfTeX warning (ext4): destination with the same identifier (name{fig:sfig4}) h
as been already used, duplicate ignored
<to be read again> 
                   \relax 
l.392 \end{frame}
                  [31

 <C:/Users/KUMAR/eYSIP_2015_Marker_based_Robot_Localisation.wiki/images/Shape.p
ng>] [32

] [33

] [34

]
\tf@nav=\write6
\tf@toc=\write7
\tf@snm=\write8
Package atveryend Info: Empty hook `BeforeClearDocument' on input line 423.
Package atveryend Info: Empty hook `AfterLastShipout' on input line 423.

(D:\Progress-Presentation\Progress-Presentation.aux)
Package atveryend Info: Executing hook `AtVeryEndDocument' on input line 423.
Package atveryend Info: Executing hook `AtEndAfterFileList' on input line 423.
Package rerunfilecheck Info: File `Progress-Presentation.out' has not changed.
(rerunfilecheck)             Checksum: 71700BAB36F22CCB65B71EDEF0B9B8D9;357.


LaTeX Font Warning: Size substitutions with differences
(Font)              up to 1.0pt have occurred.


LaTeX Warning: There were multiply-defined labels.

Package atveryend Info: Empty hook `AtVeryVeryEnd' on input line 423.
 ) 
Here is how much of TeX's memory you used:
 17656 strings out of 493921
 334779 string characters out of 3154500
 403099 words of memory out of 3000000
 20423 multiletter control sequences out of 15000+200000
 8935 words of font info for 33 fonts, out of 3000000 for 9000
 841 hyphenation exceptions out of 8191
 56i,16n,72p,402b,593s stack positions out of 5000i,500n,10000p,200000b,50000s
<D:/mikTex/fonts/type1/public/amsfonts/cm/cmss10.pfb><D:/mikTex/fonts/type1/p
ublic/amsfonts/cm/cmss12.pfb><D:/mikTex/fonts/type1/public/amsfonts/cm/cmss8.pf
b><D:/mikTex/fonts/type1/public/amsfonts/cm/cmss9.pfb><D:/mikTex/fonts/type1/pu
blic/amsfonts/cm/cmssbx10.pfb><D:/mikTex/fonts/type1/public/amsfonts/cm/cmsy10.
pfb>
Output written on Progress-Presentation.pdf (34 pages, 1692573 bytes).
PDF statistics:
 1235 PDF objects out of 1440 (max. 8388607)
 80 named destinations out of 1000 (max. 500000)
 179 words of extra memory for PDF output out of 10000 (max. 10000000)

